<?xml version="1.0" encoding="UTF-8"?>
<!-- Generated by org.testng.reporters.JUnitXMLReporter -->
<testsuite ignored="0" hostname="Mayavi" failures="2" tests="13" name="Default test" time="129.427" errors="0" timestamp="2024-04-03T17:00:18 IST">
  <testcase classname="io.cucumber.testng.AbstractTestNGCucumberTests" name="runScenario" time="12.035"/>
  <testcase classname="io.cucumber.testng.AbstractTestNGCucumberTests" name="runScenario" time="5.069"/>
  <testcase classname="io.cucumber.testng.AbstractTestNGCucumberTests" name="runScenario" time="5.142"/>
  <testcase classname="io.cucumber.testng.AbstractTestNGCucumberTests" name="runScenario" time="33.335">
    <failure type="java.lang.NullPointerException" message="Cannot invoke &amp;quot;org.openqa.selenium.WebElement.click()&amp;quot; because &amp;quot;webElement&amp;quot; is null">
      <![CDATA[java.lang.NullPointerException: Cannot invoke "org.openqa.selenium.WebElement.click()" because "webElement" is null
at utils.ElementUtils.clickOnElement(ElementUtils.java:27)
at pages.HomePage.clickOnMyAccount(HomePage.java:41)
at stepdefinitions.Login.user_navigates_to_login_page(Login.java:28)
at ✽.User navigates to login page(file:///C:/Users/Hp-D/eclipse-workspace/BDD_UI_Test_Framework/src/test/resources/features/Login.feature:30)
]]>
    </failure>
  </testcase> <!-- runScenario -->
  <testcase classname="io.cucumber.testng.AbstractTestNGCucumberTests" name="runScenario" time="5.614"/>
  <testcase classname="io.cucumber.testng.AbstractTestNGCucumberTests" name="runScenario" time="5.113">
    <failure type="java.lang.NullPointerException" message="Cannot invoke &amp;quot;pages.PlacingOrderPage.hoverOnDesktopButton()&amp;quot; because &amp;quot;this.placingAnOrderPage&amp;quot; is null">
      <![CDATA[java.lang.NullPointerException: Cannot invoke "pages.PlacingOrderPage.hoverOnDesktopButton()" because "this.placingAnOrderPage" is null
at stepdefinitions.PlacingAnOrder.user_select_the_product_category(PlacingAnOrder.java:23)
at ✽.User select the product category(file:///C:/Users/Hp-D/eclipse-workspace/BDD_UI_Test_Framework/src/test/resources/features/PlacingAnOrder.feature:38)
]]>
    </failure>
  </testcase> <!-- runScenario -->
  <testcase classname="io.cucumber.testng.AbstractTestNGCucumberTests" name="runScenario" time="6.689"/>
  <testcase classname="io.cucumber.testng.AbstractTestNGCucumberTests" name="runScenario" time="8.199"/>
  <testcase classname="io.cucumber.testng.AbstractTestNGCucumberTests" name="runScenario" time="7.134"/>
  <testcase classname="io.cucumber.testng.AbstractTestNGCucumberTests" name="runScenario" time="7.685"/>
  <testcase classname="io.cucumber.testng.AbstractTestNGCucumberTests" name="runScenario" time="6.342"/>
  <testcase classname="io.cucumber.testng.AbstractTestNGCucumberTests" name="runScenario" time="8.421"/>
  <testcase classname="io.cucumber.testng.AbstractTestNGCucumberTests" name="runScenario" time="9.664"/>
</testsuite> <!-- Default test -->
